[2016.02.20-07.27.50:452][  0]Log file open, 02/19/16 23:27:50
[2016.02.20-07.27.50:452][  0]LogInit:Display: Running engine for game: QuantumEcho
[2016.02.20-07.27.50:452][  0]LogPlatformFile: Not using cached read wrapper
[2016.02.20-07.27.50:452][  0]LogInit:Display: RandInit(1971734516) SRandInit(1971734516).
[2016.02.20-07.27.50:452][  0]LogTaskGraph: Started task graph with 4 named threads and 7 total threads.
[2016.02.20-07.27.50:452][  0]LogStats: Stats thread started at 0.081040
[2016.02.20-07.27.50:452][  0]LogInit: Version: 4.10.3-2866931+++depot+UE4-Releases+4.10
[2016.02.20-07.27.50:452][  0]LogInit: API Version: 2758231
[2016.02.20-07.27.50:452][  0]LogInit: Compiled (64-bit): Feb 15 2016 08:20:45
[2016.02.20-07.27.50:452][  0]LogInit: Compiled with Visual C++: 19.00.23026.00
[2016.02.20-07.27.50:452][  0]LogInit: Build Configuration: Development
[2016.02.20-07.27.50:452][  0]LogInit: Branch Name: ++depot+UE4-Releases+4.10
[2016.02.20-07.27.50:452][  0]LogInit: Command line:  
[2016.02.20-07.27.50:452][  0]LogInit: Base directory: E:/Programs/Unreal Engine/Epic Games/4.10/Engine/Binaries/Win64/
[2016.02.20-07.27.50:452][  0]LogInit: Rocket: 1
[2016.02.20-07.27.50:459][  0]LogInit: Using libcurl 7.41.0
[2016.02.20-07.27.50:459][  0]LogInit:  - built for x86_64-pc-win32
[2016.02.20-07.27.50:459][  0]LogInit:  - supports SSL with WinSSL
[2016.02.20-07.27.50:459][  0]LogInit:  - other features:
[2016.02.20-07.27.50:459][  0]LogInit:      CURL_VERSION_SSL
[2016.02.20-07.27.50:459][  0]LogInit:      CURL_VERSION_IPV6
[2016.02.20-07.27.50:459][  0]LogInit:      CURL_VERSION_ASYNCHDNS
[2016.02.20-07.27.50:459][  0]LogInit:      CURL_VERSION_LARGEFILE
[2016.02.20-07.27.50:459][  0]LogInit:      CURL_VERSION_IDN
[2016.02.20-07.27.50:459][  0]LogInit:  CurlRequestOptions (configurable via config and command line):
[2016.02.20-07.27.50:459][  0]LogInit:  - bVerifyPeer = true  - Libcurl will verify peer certificate
[2016.02.20-07.27.50:459][  0]LogInit:  - bUseHttpProxy = false  - Libcurl will NOT use HTTP proxy
[2016.02.20-07.27.50:459][  0]LogInit:  - bDontReuseConnections = false  - Libcurl will reuse connections
[2016.02.20-07.27.50:459][  0]LogInit:  - CertBundlePath = nullptr  - Libcurl will use whatever was configured at build time.
[2016.02.20-07.27.50:465][  0]LogInit: Presizing for 0 objects not considered by GC, pre-allocating 0 bytes.
[2016.02.20-07.27.50:470][  0]LogInit: Object subsystem initialized
[2016.02.20-07.27.50:471][  0]LogInit: Selected Device Profile: [Windows]
[2016.02.20-07.27.50:471][  0]LogInit: Applying CVar settings loaded from the selected device profile: [Windows]
[2016.02.20-07.27.50:477][  0]LogInit: Computer: DESKTOP-PJPOGGP
[2016.02.20-07.27.50:477][  0]LogInit: User: Terra
[2016.02.20-07.27.50:477][  0]LogInit: CPU Page size=4096, Cores=4
[2016.02.20-07.27.50:477][  0]LogInit: High frequency timer resolution =2.439996 MHz
[2016.02.20-07.27.50:477][  0]LogMemory: Memory total: Physical=7.9GB (8GB approx)
[2016.02.20-07.27.50:477][  0]LogMemory: Platform Memory Stats for Windows
[2016.02.20-07.27.50:477][  0]LogMemory: Process Physical Memory: 56.46 MB used, 56.46 MB peak
[2016.02.20-07.27.50:477][  0]LogMemory: Process Virtual Memory: 56.83 MB used, 56.83 MB peak
[2016.02.20-07.27.50:477][  0]LogMemory: Physical Memory: 4146.34 MB used, 8077.40 MB total
[2016.02.20-07.27.50:477][  0]LogMemory: Virtual Memory: 379.97 MB used, 134217728.00 MB total
[2016.02.20-07.27.50:508][  0]LogTextLocalizationManager: No specific translations for ('en-US') exist, so ('en') translations will be used.
[2016.02.20-07.27.50:902][  0]LogD3D11RHI: Found D3D11 adapter 0: NVIDIA GeForce GTX 970M  (Feature Level 11_0)
[2016.02.20-07.27.50:902][  0]LogD3D11RHI: Adapter has 2991MB of dedicated video memory, 0MB of dedicated system memory, and 4038MB of shared system memory, 1 output[s]
[2016.02.20-07.27.50:907][  0]LogD3D11RHI: Found D3D11 adapter 1: Intel(R) HD Graphics 4600 (Feature Level 11_0)
[2016.02.20-07.27.50:908][  0]LogD3D11RHI: Adapter has 112MB of dedicated video memory, 0MB of dedicated system memory, and 4038MB of shared system memory, 0 output[s]
[2016.02.20-07.27.50:909][  0]LogD3D11RHI: Found D3D11 adapter 2: Microsoft Basic Render Driver (Feature Level 11_0)
[2016.02.20-07.27.50:909][  0]LogD3D11RHI: Adapter has 0MB of dedicated video memory, 0MB of dedicated system memory, and 4038MB of shared system memory, 0 output[s]
[2016.02.20-07.27.50:909][  0]LogD3D11RHI: Chosen D3D11 Adapter Id = 0
[2016.02.20-07.27.50:913][  0]LogD3D11RHI: !Direct3DDevice
[2016.02.20-07.27.50:914][  0]LogRHI: Texture pool is 1361 MB (70% of 1945 MB)
[2016.02.20-07.27.50:924][  0]LogD3D11RHI: Async texture creation enabled
[2016.02.20-07.27.51:393][  0]LogShaderCompilers: Guid format shader working directory is -20 characters bigger than the processId version (../../../../../../../Dragondale_prjoects/quantum-echo/QuantumEcho/Intermediate/Shaders/WorkingDirectory/10544/).
[2016.02.20-07.27.51:393][  0]LogShaderCompilers: Cleaned the shader compiler working directory 'C:/Users/Terra/AppData/Local/Temp/UnrealShaderWorkingDir/3D1BCF7D4644D23F041FADA59E0CD763/'.
[2016.02.20-07.27.51:393][  0]LogShaderCompilers:Display: Using Local Shader Compiler.
[2016.02.20-07.27.52:082][  0]LogTemp:Display: Loaded TP AllDesktopTargetPlatform
[2016.02.20-07.27.52:086][  0]LogTemp:Display: Loaded TP WindowsClientTargetPlatform
[2016.02.20-07.27.52:090][  0]LogTemp:Display: Loaded TP WindowsNoEditorTargetPlatform
[2016.02.20-07.27.52:094][  0]LogTemp:Display: Loaded TP WindowsServerTargetPlatform
[2016.02.20-07.27.52:098][  0]LogTemp:Display: Loaded TP WindowsTargetPlatform
[2016.02.20-07.27.52:101][  0]LogTemp:Display: Loaded TP AndroidTargetPlatform
[2016.02.20-07.27.52:103][  0]LogTemp:Display: Loaded TP Android_ASTCTargetPlatform
[2016.02.20-07.27.52:106][  0]LogTemp:Display: Loaded TP Android_ATCTargetPlatform
[2016.02.20-07.27.52:109][  0]LogTemp:Display: Loaded TP Android_DXTTargetPlatform
[2016.02.20-07.27.52:112][  0]LogTemp:Display: Loaded TP Android_ETC1TargetPlatform
[2016.02.20-07.27.52:114][  0]LogTemp:Display: Loaded TP Android_ETC2TargetPlatform
[2016.02.20-07.27.52:120][  0]LogTemp:Display: Loaded TP Android_MultiTargetPlatform
[2016.02.20-07.27.52:120][  0]LogTemp:Display: Loaded TP Android_PVRTCTargetPlatform
[2016.02.20-07.27.52:120][  0]LogTemp:Display: Loaded TP HTML5TargetPlatform
[2016.02.20-07.27.52:137][  0]LogTemp:Display: Loaded TP IOSTargetPlatform
[2016.02.20-07.27.52:140][  0]LogTemp:Display: Loaded TP LinuxNoEditorTargetPlatform
[2016.02.20-07.27.52:142][  0]LogTemp:Display: Loaded TP LinuxServerTargetPlatform
[2016.02.20-07.27.52:145][  0]LogTemp:Display: Loaded TP LinuxTargetPlatform
[2016.02.20-07.27.52:145][  0]LogTargetPlatformManager:Display: Building Assets For Windows
[2016.02.20-07.27.52:214][  0]LogDerivedDataCache:Display: Max Cache Size: 512 MB
[2016.02.20-07.27.52:257][  0]LogDerivedDataCache: Loaded boot cache 0.04s 44MB C:/Users/Terra/AppData/Local/UnrealEngine/4.10/DerivedDataCache/Boot.ddc.
[2016.02.20-07.27.52:257][  0]LogDerivedDataCache:Display: Loaded Boot cache: C:/Users/Terra/AppData/Local/UnrealEngine/4.10/DerivedDataCache/Boot.ddc
[2016.02.20-07.27.52:257][  0]LogDerivedDataCache: FDerivedDataBackendGraph:  Pak pak cache file ../../../../../../../Dragondale_prjoects/quantum-echo/QuantumEcho/DerivedDataCache/DDC.ddp not found, will not use a pak cache.
[2016.02.20-07.27.52:257][  0]LogDerivedDataCache: Unable to find inner node Pak for hierarchical cache Hierarchy.
[2016.02.20-07.27.52:257][  0]LogDerivedDataCache: FDerivedDataBackendGraph:  CompressedPak pak cache file ../../../../../../../Dragondale_prjoects/quantum-echo/QuantumEcho/DerivedDataCache/Compressed.ddp not found, will not use a pak cache.
[2016.02.20-07.27.52:257][  0]LogDerivedDataCache: Unable to find inner node CompressedPak for hierarchical cache Hierarchy.
[2016.02.20-07.27.52:308][  0]LogDerivedDataCache:Display: Pak cache opened for reading ../../../Engine/DerivedDataCache/Compressed.ddp.
[2016.02.20-07.27.52:320][  0]LogDerivedDataCache: Using Local data cache path C:/Users/Terra/AppData/Local/UnrealEngine/Common/DerivedDataCache: Writable
[2016.02.20-07.27.52:477][  0]LogInit: Selected Device Profile: [Windows]
[2016.02.20-07.27.52:480][  0]LogContentStreaming: Texture pool size is 0.000000MB
[2016.02.20-07.27.52:573][  0]LogMeshUtilities: No automatic mesh reduction module available
[2016.02.20-07.27.52:573][  0]LogMeshUtilities: No automatic mesh merging module available
[2016.02.20-07.27.52:810][  0]LogInit: WinSock: version 1.1 (2.2), MaxSocks=32767, MaxUdp=65467
[2016.02.20-07.27.53:460][  0]UdpMessaging: Initializing bridge on interface 0.0.0.0:0 to multicast group 230.0.0.1:6666.
[2016.02.20-07.27.53:573][  0]LogAssetRegistry: FAssetRegistry took 0.0115 seconds to start up
[2016.02.20-07.27.53:713][  0]SourceControl: Info Source control is disabled
[2016.02.20-07.27.53:714][  0]SourceControl: Info Source control is disabled
[2016.02.20-07.27.53:723][  0]SourceControl: Info Source control is disabled
[2016.02.20-07.27.53:735][  0]SourceControl: Info Source control is disabled
[2016.02.20-07.27.53:929][  0]LogObj: 28633 objects as part of root set at end of initial load.
[2016.02.20-07.27.53:929][  0]LogUObjectAllocator: 6099752 out of 0 bytes used by permanent object pool.
[2016.02.20-07.27.53:981][  0]LogEngine: Initializing Engine...
[2016.02.20-07.27.53:983][  0]LogHMD: Can't find Oculus library dev build: is proper Runtime installed? Version: 0.8.0.0
[2016.02.20-07.27.53:983][  0]LogHMD: SteamVR failed to initialize.  Err: 110
[2016.02.20-07.27.54:094][  0]LogAIModule: Creating AISystem for world NewWorld
[2016.02.20-07.27.54:097][  0]LogInit: XAudio2 using 'Speakers (Sound Blaster Recon3Di)' : 2 channels at 48 kHz using 32 bits per sample (channel mask 0x3)
[2016.02.20-07.27.54:106][  0]LogInit: FAudioDevice initialized.
[2016.02.20-07.27.54:135][  0]LogDerivedDataCache: Saved boot cache 0.03s 57MB C:/Users/Terra/AppData/Local/UnrealEngine/4.10/DerivedDataCache/Boot.ddc.
[2016.02.20-07.27.54:139][  0]LogInit: Texture streaming: Enabled
[2016.02.20-07.27.54:144][  0]LogAnalytics: Creating configured Analytics provider AnalyticsET
[2016.02.20-07.27.54:144][  0]LogAnalytics: [UEEditor.Rocket.Release] APIServer = http://et2.epicgames.com/ET2/. AppVersion = 4.10.3-2866931+++depot+UE4-Releases+4.10
[2016.02.20-07.27.54:144][  0]LogAnalytics: [UEEditor.Rocket.Release] SetUserId 5d414a7f46373cc1d570f4addc856f33|a36041c13bc54584bc58413c085f29b7|272e8cc7-c3e1-4437-9433-6fd7b64c8b8c
[2016.02.20-07.27.54:144][  0]LogAnalytics: [UEEditor.Rocket.Release] AnalyticsET::StartSession
[2016.02.20-07.27.54:153][  0]LogInit: Transaction tracking system initialized
[2016.02.20-07.27.54:177][  0]BlueprintLog: New page: Editor Load
[2016.02.20-07.27.54:247][  0]LocalizationService: Info Localization service is disabled
[2016.02.20-07.27.54:322][  0]LogConsoleResponse:Display: 
[2016.02.20-07.27.54:409][  0]LogCook:Display: Done creating registry. It took  0.00s.
[2016.02.20-07.27.54:456][  0]LogFileCache: Scanning file cache for directory 'E:/Dragondale_prjoects/quantum-echo/QuantumEcho/Content/' took 0.01s
[2016.02.20-07.27.54:456][  0]SourceControl: Info Source control is disabled
[2016.02.20-07.27.54:456][  0]Cmd: MAP LOAD FILE="../../../../../../../Dragondale_prjoects/quantum-echo/QuantumEcho/Content/Maps/MAP_Basic.umap" TEMPLATE=0 SHOWPROGRESS=1 FEATURELEVEL=3
[2016.02.20-07.27.54:457][  0]LightingResults: New page: Lighting Build
[2016.02.20-07.27.54:459][  0]MapCheck: New page: Map Check
[2016.02.20-07.27.54:459][  0]LightingResults: New page: Lighting Build
[2016.02.20-07.27.54:469][  0]LogParticles: Destroying 0 GPU particle simulations for FXSystem 0x0000009B8D786AC0
[2016.02.20-07.27.54:595][  0]LogBlueprint:Warning: [compiler BP_QE_Character] Warning InputAction Event references unknown Action 'GrabObject' for  InputAction GrabObject 
[2016.02.20-07.27.54:601][  0]LogBlueprint:Warning: [compiler BP_QE_Character] Warning [0004.54] Compile of BP_QE_Character successful, but with 1 Warning(s) [in 14 ms]
[2016.02.20-07.27.54:601][  0]LogBlueprint:Warning: [compiler BP_QE_Character] Warning [0004.54] Compile of BP_QE_Character successful, but with 2 Warning(s) [in 0 ms]
[2016.02.20-07.27.54:601][  0]LogBlueprint:Warning: [compiler BP_QE_Character] Warning [0004.54] Compile of BP_QE_Character successful, but with 3 Warning(s) [in 0 ms]
[2016.02.20-07.27.54:614][  0]LogBlueprint:Warning: [compiler BP_QE_Character] Warning InputAction Event references unknown Action 'GrabObject' for  InputAction GrabObject 
[2016.02.20-07.27.54:618][  0]LogBlueprint:Warning: [compiler BP_QE_Character] Warning [0004.55] Compile of BP_QE_Character successful, but with 1 Warning(s) [in 13 ms]
[2016.02.20-07.27.54:618][  0]LogBlueprint:Warning: [compiler BP_QE_Character] Warning [0004.55] Compile of BP_QE_Character successful, but with 2 Warning(s) [in 0 ms]
[2016.02.20-07.27.54:618][  0]LogBlueprint:Warning: [compiler BP_QE_Character] Warning [0004.55] Compile of BP_QE_Character successful, but with 3 Warning(s) [in 0 ms]
[2016.02.20-07.27.54:728][  0]LogAIModule: Creating AISystem for world MAP_Basic
[2016.02.20-07.27.54:734][  0]LogEditorServer: Finished looking for orphan Actors (0.000 secs)
[2016.02.20-07.27.54:734][  0]Cmd: MAP CHECKDEP NOCLEARLOG
[2016.02.20-07.27.54:774][  0]MapCheck: Info Map check complete: 0 Error(s), 0 Warning(s), took 39.978ms to complete.
[2016.02.20-07.27.54:774][  0]LogFileHelpers: Loading map 'MAP_Basic' took 0.318
[2016.02.20-07.27.54:977][  0]LogCollectionManager: Loaded 0 collections in 0.001875 seconds
[2016.02.20-07.27.55:015][  0]LogFileCache: Scanning file cache for directory 'E:/Dragondale_prjoects/quantum-echo/QuantumEcho/Saved/Collections/' took 0.01s
[2016.02.20-07.27.55:015][  0]LogFileCache: Scanning file cache for directory 'E:/Dragondale_prjoects/quantum-echo/QuantumEcho/Content/Developers/Terra/Collections/' took 0.01s
[2016.02.20-07.27.55:015][  0]LogFileCache: Scanning file cache for directory 'E:/Dragondale_prjoects/quantum-echo/QuantumEcho/Content/Collections/' took 0.01s
[2016.02.20-07.27.55:015][  0]LogCollectionManager: Rebuilt the GUID cache for 0 collections in 0.000002 seconds
[2016.02.20-07.27.55:023][  0]LogContentBrowser: Native class hierarchy populated in 0.0070 seconds. Added 1894 classes and 340 folders.
[2016.02.20-07.27.55:029][  0]LogContentBrowser: Native class hierarchy updated for 'WidgetCarousel' in 0.0003 seconds. Added 0 classes and 0 folders.
[2016.02.20-07.27.55:063][  0]LogContentBrowser: Native class hierarchy updated for 'AddContentDialog' in 0.0004 seconds. Added 0 classes and 0 folders.
[2016.02.20-07.27.55:122][  0]LogCrashTracker: Crashtracker disabled due to settings.
[2016.02.20-07.27.55:126][  0]LogUObjectGlobals:Warning: Failed to find object 'Class None.'
[2016.02.20-07.27.55:148][  0]LogLoad: Full Startup: 5.08 seconds (BP compile: 0.06 seconds)
[2016.02.20-07.27.55:165][  0]LogWindowsTextInputMethodSystem:Display: IME system now deactivated.
[2016.02.20-07.27.55:166][  0]LogWindowsTextInputMethodSystem:Display: IME system now deactivated.
[2016.02.20-07.27.55:168][  0]LogOcInput: Can't find Oculus library dev build: is proper Runtime installed? Version: 0.8.0.0
[2016.02.20-07.27.55:216][  0]LogContentStreaming: Texture pool size now 1000 MB
[2016.02.20-07.27.55:341][  2]LogRenderer: Reallocating scene render targets to support 800x732 (Frame:2).
[2016.02.20-07.27.55:448][  3]LogAssetRegistry: Asset discovery search completed in 1.8873 seconds
[2016.02.20-07.27.55:448][  3]LogCollectionManager: Rebuilt the object cache for 0 collections in 0.000000 seconds (found 0 objects)
[2016.02.20-07.27.55:448][  3]LogCollectionManager: Fixed up redirectors for 0 collections in 0.000017 seconds (updated 0 objects)
[2016.02.20-07.28.08:209][750]LogLinker:Warning: Can't find file '/Game/Blueprints/Objects/BP_Other_Obj'
[2016.02.20-07.28.08:209][750]LogLinker:Warning: Can't find file for asset '/Game/Blueprints/Objects/BP_Other_Obj' while loading ../../../../../../../Dragondale_prjoects/quantum-echo/QuantumEcho/Content/Blueprints/Objects/BP_Button.uasset.
[2016.02.20-07.28.08:214][750]LoadErrors:Error: Error /Game/Blueprints/Objects/BP_Button : Can't find file for asset. /Game/Blueprints/Objects/BP_Other_Obj
[2016.02.20-07.28.08:215][750]LogLinker:Warning: Can't find file '/Game/Blueprints/Objects/BP_Other_Obj'
[2016.02.20-07.28.08:215][750]LogLinker:Warning: Can't find file for asset '/Game/Blueprints/Objects/BP_Other_Obj' while loading ../../../../../../../Dragondale_prjoects/quantum-echo/QuantumEcho/Content/Blueprints/Objects/BP_Button.uasset.
[2016.02.20-07.28.08:234][750]LogLinker:Warning: Can't find file '/Game/Blueprints/Objects/BP_Other_Obj'
[2016.02.20-07.28.08:234][750]LogLinker:Warning: Can't find file for asset '/Game/Blueprints/Objects/BP_Other_Obj' while loading NULL.
[2016.02.20-07.28.08:234][750]LogLinker:Warning: Can't find file '/Game/Blueprints/Objects/BP_Other_Obj'
[2016.02.20-07.28.08:234][750]LogLinker:Warning: Can't find file for asset '/Game/Blueprints/Objects/BP_Other_Obj' while loading NULL.
[2016.02.20-07.28.08:235][750]LogLinker:Warning: Can't find file '/Game/Blueprints/Objects/BP_Other_Obj'
[2016.02.20-07.28.08:235][750]LogLinker:Warning: Can't find file for asset '/Game/Blueprints/Objects/BP_Other_Obj' while loading NULL.
[2016.02.20-07.28.08:235][750]LogLinker:Warning: Can't find file '/Game/Blueprints/Objects/BP_Other_Obj'
[2016.02.20-07.28.08:235][750]LoadErrors: Info Failed to load /Game/Blueprints/Objects/BP_Other_Obj.BP_Other_Obj_C Referenced by BP_Button
[2016.02.20-07.28.08:235][750]LogLinker:Warning: Can't find file for asset '/Game/Blueprints/Objects/BP_Other_Obj' while loading NULL.
[2016.02.20-07.28.08:328][750]LogLinker:Warning: Asset '../../../Engine/Content/ArtTools/RenderToTexture/Macros/RenderToTextureMacros.uasset' has been saved with empty engine version. The asset will be loaded but may be incompatible.
[2016.02.20-07.28.08:679][750]LogContentBrowser: Native class hierarchy updated for 'BlueprintGraph' in 0.0007 seconds. Added 107 classes and 0 folders.
[2016.02.20-07.32.51:526][356]BlueprintLog: New page: Compile BP_QE_Character
[2016.02.20-07.32.51:671][356]BlueprintEditorCompileResults: Info [0301.61] Compile of BP_QE_Character successful! [in 144 ms]
[2016.02.20-07.33.17:320][863]Cmd: OBJ SAVEPACKAGE PACKAGE="/Game/Blueprints/Objects/BP_Button" FILE="../../../../../../../Dragondale_prjoects/quantum-echo/QuantumEcho/Content/Blueprints/Objects/BP_Button.uasset" SILENT=true
[2016.02.20-07.33.17:334][863]LogSavePackage: Save=8.062718ms
[2016.02.20-07.33.17:334][863]LogSavePackage: Moving '../../../../../../../Dragondale_prjoects/quantum-echo/QuantumEcho/Saved/BP_Button8DF8FDA04ADC7C6AA7BEAB86C7A69150.tmp' to '../../../../../../../Dragondale_prjoects/quantum-echo/QuantumEcho/Content/Blueprints/Objects/BP_Button.uasset'
[2016.02.20-07.33.17:336][863]LogSavePackage: Total save time: 14.907811ms
[2016.02.20-07.33.17:336][863]LogSavePackage:Display: Finished SavePackage ../../../../../../../Dragondale_prjoects/quantum-echo/QuantumEcho/Content/Blueprints/Objects/BP_Button.uasset
[2016.02.20-07.33.40:204][220]BlueprintLog: New page: Compile BP_Button
[2016.02.20-07.33.40:277][220]BlueprintEditorCompileResults: Info [0350.21] Compile of BP_Button successful! [in 72 ms]
[2016.02.20-07.33.40:990][257]Cmd: OBJ SAVEPACKAGE PACKAGE="/Game/Blueprints/Objects/BP_Button" FILE="../../../../../../../Dragondale_prjoects/quantum-echo/QuantumEcho/Content/Blueprints/Objects/BP_Button.uasset" SILENT=true
[2016.02.20-07.33.40:999][257]LogSavePackage: Save=7.553701ms
[2016.02.20-07.33.40:999][257]LogSavePackage: Moving '../../../../../../../Dragondale_prjoects/quantum-echo/QuantumEcho/Saved/BP_Button6CE3124E4EC9DF831813D9AA3173E6CD.tmp' to '../../../../../../../Dragondale_prjoects/quantum-echo/QuantumEcho/Content/Blueprints/Objects/BP_Button.uasset'
[2016.02.20-07.33.41:001][257]LogSavePackage: Total save time: 10.445919ms
[2016.02.20-07.33.41:001][257]LogSavePackage:Display: Finished SavePackage ../../../../../../../Dragondale_prjoects/quantum-echo/QuantumEcho/Content/Blueprints/Objects/BP_Button.uasset
[2016.02.20-07.37.03:708][113]BlueprintLog: New page: Compile BP_Button
[2016.02.20-07.37.03:778][113]BlueprintEditorCompileResults: Info [0553.71] Compile of BP_Button successful! [in 70 ms]
[2016.02.20-07.37.05:689][225]Cmd: OBJ SAVEPACKAGE PACKAGE="/Game/Blueprints/Objects/BP_Button" FILE="../../../../../../../Dragondale_prjoects/quantum-echo/QuantumEcho/Content/Blueprints/Objects/BP_Button.uasset" SILENT=true
[2016.02.20-07.37.05:706][225]LogSavePackage: Save=16.100027ms
[2016.02.20-07.37.05:706][225]LogSavePackage: Moving '../../../../../../../Dragondale_prjoects/quantum-echo/QuantumEcho/Saved/BP_Button24C2B034423C243E28F8CD98826DA53A.tmp' to '../../../../../../../Dragondale_prjoects/quantum-echo/QuantumEcho/Content/Blueprints/Objects/BP_Button.uasset'
[2016.02.20-07.37.05:708][225]LogSavePackage: Total save time: 18.493474ms
[2016.02.20-07.37.05:708][225]LogSavePackage:Display: Finished SavePackage ../../../../../../../Dragondale_prjoects/quantum-echo/QuantumEcho/Content/Blueprints/Objects/BP_Button.uasset
[2016.02.20-07.40.51:122][683]LogActorComponent: UnregisterComponent: (/Engine/Transient.EditorFloorComp) Not registered. Aborting.
[2016.02.20-07.40.53:360][730]Cmd: OBJ SAVEPACKAGE PACKAGE="/Game/Blueprints/Game/BP_QE_Character" FILE="../../../../../../../Dragondale_prjoects/quantum-echo/QuantumEcho/Content/Blueprints/Game/BP_QE_Character.uasset" SILENT=true
[2016.02.20-07.40.53:488][730]LogSavePackage: Save=125.305946ms
[2016.02.20-07.40.53:488][730]LogSavePackage: Moving '../../../../../../../Dragondale_prjoects/quantum-echo/QuantumEcho/Saved/BP_QE_Character19A1AE0B4B4DDDAB98EE6BA53F50FDB6.tmp' to '../../../../../../../Dragondale_prjoects/quantum-echo/QuantumEcho/Content/Blueprints/Game/BP_QE_Character.uasset'
[2016.02.20-07.40.53:490][730]LogSavePackage: Total save time: 128.824800ms
[2016.02.20-07.40.53:490][730]LogSavePackage:Display: Finished SavePackage ../../../../../../../Dragondale_prjoects/quantum-echo/QuantumEcho/Content/Blueprints/Game/BP_QE_Character.uasset
[2016.02.20-07.40.53:497][730]Cmd: OBJ SAVEPACKAGE PACKAGE="/Game/Blueprints/Objects/BP_other_obj" FILE="../../../../../../../Dragondale_prjoects/quantum-echo/QuantumEcho/Content/Blueprints/Objects/BP_other_obj.uasset" SILENT=true
[2016.02.20-07.40.53:568][730]LogSavePackage: Save=69.251755ms
[2016.02.20-07.40.53:568][730]LogSavePackage: Moving '../../../../../../../Dragondale_prjoects/quantum-echo/QuantumEcho/Saved/BP_other_obj604001DC47799C935CC74DADD5630C39.tmp' to '../../../../../../../Dragondale_prjoects/quantum-echo/QuantumEcho/Content/Blueprints/Objects/BP_other_obj.uasset'
[2016.02.20-07.40.53:570][730]LogSavePackage: Total save time: 71.392328ms
[2016.02.20-07.40.53:570][730]LogSavePackage:Display: Finished SavePackage ../../../../../../../Dragondale_prjoects/quantum-echo/QuantumEcho/Content/Blueprints/Objects/BP_other_obj.uasset
[2016.02.20-07.40.53:671][730]LogWindowsTextInputMethodSystem:Display: IME system now deactivated.
[2016.02.20-07.40.53:672][730]LogWindowsTextInputMethodSystem:Display: IME system now deactivated.
[2016.02.20-07.40.53:872][731]Cmd: QUIT_EDITOR
[2016.02.20-07.40.53:995][731]LogExit: Preparing to exit.
[2016.02.20-07.40.54:919][731]LogExit: Editor shut down
[2016.02.20-07.40.54:919][731]LogExit: Transaction tracking system shut down
[2016.02.20-07.40.54:921][731]LogParticles: Destroying 0 GPU particle simulations for FXSystem 0x0000009BFAFF84A0
[2016.02.20-07.40.54:921][731]LogParticles: Destroying 0 GPU particle simulations for FXSystem 0x0000009B88B1F880
[2016.02.20-07.40.54:921][731]LogParticles: Destroying 0 GPU particle simulations for FXSystem 0x0000009BFD7427A0
[2016.02.20-07.40.54:922][731]LogParticles: Destroying 0 GPU particle simulations for FXSystem 0x0000009BFCDA8540
[2016.02.20-07.40.54:926][731]LogParticles: Destroying 0 GPU particle simulations for FXSystem 0x0000009BB8EB6020
[2016.02.20-07.40.55:080][731]LogExit: Object subsystem successfully closed.
[2016.02.20-07.40.55:100][731]LogD3D11RHI: Shutdown
[2016.02.20-07.40.55:100][731]LogD3D11RHI: CleanupD3DDevice
[2016.02.20-07.40.55:188][731]LogD3D11RHI: ~FD3D11DynamicRHI
[2016.02.20-07.40.55:200][731]LogModuleManager: Shutting down and abandoning module CookingStats (200)
[2016.02.20-07.40.55:200][731]LogModuleManager: Shutting down and abandoning module BlueprintGraph (199)
[2016.02.20-07.40.55:200][731]LogModuleManager: Shutting down and abandoning module CrashTracker (198)
[2016.02.20-07.40.55:200][731]LogModuleManager: Shutting down and abandoning module SuperSearch (197)
[2016.02.20-07.40.55:200][731]LogModuleManager: Shutting down and abandoning module WidgetCarousel (196)
[2016.02.20-07.40.55:200][731]LogModuleManager: Shutting down and abandoning module AddContentDialog (195)
[2016.02.20-07.40.55:201][731]LogModuleManager: Shutting down and abandoning module EditorWidgets (194)
[2016.02.20-07.40.55:201][731]LogModuleManager: Shutting down and abandoning module CollectionManager (193)
[2016.02.20-07.40.55:201][731]LogModuleManager: Shutting down and abandoning module SceneOutliner (192)
[2016.02.20-07.40.55:201][731]LogModuleManager: Shutting down and abandoning module StatsViewer (191)
[2016.02.20-07.40.55:201][731]LogModuleManager: Shutting down and abandoning module FoliageEdit (190)
[2016.02.20-07.40.55:201][731]LogModuleManager: Shutting down and abandoning module LandscapeEditor (189)
[2016.02.20-07.40.55:201][731]LogModuleManager: Shutting down and abandoning module ActorPickerMode (188)
[2016.02.20-07.40.55:201][731]LogModuleManager: Shutting down and abandoning module GeometryMode (187)
[2016.02.20-07.40.55:201][731]LogModuleManager: Shutting down and abandoning module TextureAlignMode (186)
[2016.02.20-07.40.55:201][731]LogModuleManager: Shutting down and abandoning module BspMode (185)
[2016.02.20-07.40.55:201][731]LogModuleManager: Shutting down and abandoning module PlacementMode (184)
[2016.02.20-07.40.55:201][731]LogModuleManager: Shutting down and abandoning module AutomationWorker (183)
[2016.02.20-07.40.55:201][731]LogModuleManager: Shutting down and abandoning module CharacterAI (182)
[2016.02.20-07.40.55:201][731]LogModuleManager: Shutting down and abandoning module SmartSnapping (181)
[2016.02.20-07.40.55:201][731]LogModuleManager: Shutting down and abandoning module ViewportSnapping (180)
[2016.02.20-07.40.55:201][731]LogModuleManager: Shutting down and abandoning module LogVisualizer (179)
[2016.02.20-07.40.55:201][731]LogModuleManager: Shutting down and abandoning module GameProjectGeneration (178)
[2016.02.20-07.40.55:201][731]LogModuleManager: Shutting down and abandoning module IntroTutorials (177)
[2016.02.20-07.40.55:201][731]LogModuleManager: Shutting down and abandoning module EditorLiveStreaming (176)
[2016.02.20-07.40.55:201][731]LogModuleManager: Shutting down and abandoning module IOSPlatformEditor (175)
[2016.02.20-07.40.55:201][731]LogModuleManager: Shutting down and abandoning module HTML5PlatformEditor (174)
[2016.02.20-07.40.55:201][731]LogModuleManager: Shutting down and abandoning module AndroidDeviceDetection (173)
[2016.02.20-07.40.55:635][731]LogModuleManager: Shutting down and abandoning module AndroidPlatformEditor (172)
[2016.02.20-07.40.55:635][731]LogModuleManager: Shutting down and abandoning module IOSRuntimeSettings (171)
[2016.02.20-07.40.55:635][731]LogModuleManager: Shutting down and abandoning module AndroidRuntimeSettings (170)
[2016.02.20-07.40.55:635][731]LogModuleManager: Shutting down and abandoning module MergeActors (169)
[2016.02.20-07.40.55:635][731]LogModuleManager: Shutting down and abandoning module SizeMap (168)
[2016.02.20-07.40.55:635][731]LogModuleManager: Shutting down and abandoning module TreeMap (167)
[2016.02.20-07.40.55:635][731]LogModuleManager: Shutting down and abandoning module ReferenceViewer (166)
[2016.02.20-07.40.55:635][731]LogModuleManager: Shutting down and abandoning module LocalizationService (165)
[2016.02.20-07.40.55:636][731]LogModuleManager: Shutting down and abandoning module LocalizationDashboard (164)
[2016.02.20-07.40.55:636][731]LogModuleManager: Shutting down and abandoning module HardwareTargeting (163)
[2016.02.20-07.40.55:636][731]LogModuleManager: Shutting down and abandoning module DeviceProfileEditor (162)
[2016.02.20-07.40.55:636][731]LogModuleManager: Shutting down and abandoning module UndoHistory (161)
[2016.02.20-07.40.55:636][731]LogModuleManager: Shutting down and abandoning module GameplayTagsEditor (160)
[2016.02.20-07.40.55:636][731]LogModuleManager: Shutting down and abandoning module UserFeedback (159)
[2016.02.20-07.40.55:636][731]LogModuleManager: Shutting down and abandoning module XmlParser (158)
[2016.02.20-07.40.55:636][731]LogModuleManager: Shutting down and abandoning module Blutility (157)
[2016.02.20-07.40.55:636][731]LogModuleManager: Shutting down and abandoning module ProjectTargetPlatformEditor (156)
[2016.02.20-07.40.55:636][731]LogModuleManager: Shutting down and abandoning module ProjectSettingsViewer (155)
[2016.02.20-07.40.55:636][731]LogModuleManager: Shutting down and abandoning module InputBindingEditor (154)
[2016.02.20-07.40.55:636][731]LogModuleManager: Shutting down and abandoning module EditorSettingsViewer (153)
[2016.02.20-07.40.55:636][731]LogModuleManager: Shutting down and abandoning module SettingsEditor (152)
[2016.02.20-07.40.55:636][731]LogModuleManager: Shutting down and abandoning module ProjectLauncher (151)
[2016.02.20-07.40.55:636][731]LogModuleManager: Shutting down and abandoning module SessionFrontend (150)
[2016.02.20-07.40.55:636][731]LogModuleManager: Shutting down and abandoning module ProfilerClient (149)
[2016.02.20-07.40.55:636][731]LogModuleManager: Shutting down and abandoning module TargetDeviceServices (148)
[2016.02.20-07.40.55:636][731]LogModuleManager: Shutting down and abandoning module DeviceManager (147)
[2016.02.20-07.40.55:637][731]LogModuleManager: Shutting down and abandoning module AutomationController (146)
[2016.02.20-07.40.55:637][731]LogModuleManager: Shutting down and abandoning module AutomationWindow (145)
[2016.02.20-07.40.55:637][731]LogModuleManager: Shutting down and abandoning module Layers (144)
[2016.02.20-07.40.55:637][731]LogModuleManager: Shutting down and abandoning module ComponentVisualizers (143)
[2016.02.20-07.40.55:637][731]LogModuleManager: Shutting down and abandoning module DetailCustomizations (142)
[2016.02.20-07.40.55:637][731]LogModuleManager: Shutting down and abandoning module PackagesDialog (141)
[2016.02.20-07.40.55:637][731]LogModuleManager: Shutting down and abandoning module Persona (140)
[2016.02.20-07.40.55:637][731]LogModuleManager: Shutting down and abandoning module Kismet (139)
[2016.02.20-07.40.55:637][731]LogModuleManager: Shutting down and abandoning module GraphEditor (138)
[2016.02.20-07.40.55:637][731]LogModuleManager: Shutting down and abandoning module ClassViewer (137)
[2016.02.20-07.40.55:637][731]LogModuleManager: Shutting down and abandoning module Toolbox (136)
[2016.02.20-07.40.55:637][731]LogModuleManager: Shutting down and abandoning module ModuleUI (135)
[2016.02.20-07.40.55:637][731]LogModuleManager: Shutting down and abandoning module MovieSceneTools (134)
[2016.02.20-07.40.55:637][731]LogModuleManager: Shutting down and abandoning module OutputLog (133)
[2016.02.20-07.40.55:637][731]LogModuleManager: Shutting down and abandoning module GammaUI (132)
[2016.02.20-07.40.55:637][731]LogModuleManager: Shutting down and abandoning module Documentation (131)
[2016.02.20-07.40.55:637][731]LogModuleManager: Shutting down and abandoning module GameLiveStreaming (130)
[2016.02.20-07.40.55:637][731]LogModuleManager: Shutting down and abandoning module StreamingPauseRendering (129)
[2016.02.20-07.40.55:637][731]LogModuleManager: Shutting down and abandoning module AnalyticsET (128)
[2016.02.20-07.40.55:637][731]LogModuleManager: Shutting down and abandoning module Analytics (127)
[2016.02.20-07.40.55:637][731]LogModuleManager: Shutting down and abandoning module AITestSuite (126)
[2016.02.20-07.40.55:637][731]LogModuleManager: Shutting down and abandoning module GameplayDebugger (125)
[2016.02.20-07.40.55:637][731]LogModuleManager: Shutting down and abandoning module AIModule (124)
[2016.02.20-07.40.55:638][731]LogModuleManager: Shutting down and abandoning module ProfilerService (123)
[2016.02.20-07.40.55:783][731]LogModuleManager: Shutting down and abandoning module TaskGraph (122)
[2016.02.20-07.40.55:783][731]LogModuleManager: Shutting down and abandoning module SlateRemote (121)
[2016.02.20-07.40.55:783][731]LogModuleManager: Shutting down and abandoning module SteamVRController (120)
[2016.02.20-07.40.55:783][731]LogModuleManager: Shutting down and abandoning module SteamVR (119)
[2016.02.20-07.40.55:783][731]LogModuleManager: Shutting down and abandoning module ProceduralMeshComponent (118)
[2016.02.20-07.40.55:783][731]LogModuleManager: Shutting down and abandoning module OculusLibrary (117)
[2016.02.20-07.40.55:783][731]LogModuleManager: Shutting down and abandoning module OculusInput (116)
[2016.02.20-07.40.55:783][731]LogModuleManager: Shutting down and abandoning module LeapMotionController (115)
[2016.02.20-07.40.55:818][731]LogModuleManager: Shutting down and abandoning module CustomMeshComponent (114)
[2016.02.20-07.40.55:818][731]LogModuleManager: Shutting down and abandoning module CableComponent (113)
[2016.02.20-07.40.55:818][731]LogModuleManager: Shutting down and abandoning module ArchVisCharacter (112)
[2016.02.20-07.40.55:818][731]LogModuleManager: Shutting down and abandoning module MessagingDebugger (111)
[2016.02.20-07.40.55:818][731]LogModuleManager: Shutting down and abandoning module MediaPlayerEditor (110)
[2016.02.20-07.40.55:818][731]LogModuleManager: Shutting down and abandoning module HTML5Networking (109)
[2016.02.20-07.40.55:818][731]LogModuleManager: Shutting down and abandoning module SpeedTreeImporter (108)
[2016.02.20-07.40.55:818][731]LogModuleManager: Shutting down and abandoning module PluginBrowser (107)
[2016.02.20-07.40.55:818][731]LogModuleManager: Shutting down and abandoning module EpicSurvey (106)
[2016.02.20-07.40.55:819][731]LogModuleManager: Shutting down and abandoning module DesktopPlatform (105)
[2016.02.20-07.40.55:819][731]LogModuleManager: Shutting down and abandoning module VisualStudioSourceCodeAccess (104)
[2016.02.20-07.40.55:819][731]LogModuleManager: Shutting down and abandoning module UObjectPlugin (103)
[2016.02.20-07.40.55:819][731]LogModuleManager: Shutting down and abandoning module SubversionSourceControl (102)
[2016.02.20-07.40.55:819][731]LogModuleManager: Shutting down and abandoning module PerforceSourceControl (101)
[2016.02.20-07.40.55:819][731]LogModuleManager: Shutting down and abandoning module SourceControl (100)
[2016.02.20-07.40.55:819][731]LogModuleManager: Shutting down and abandoning module GitSourceControl (99)
[2016.02.20-07.40.55:819][731]LogModuleManager: Shutting down and abandoning module LightPropagationVolumeEditor (98)
[2016.02.20-07.40.55:819][731]LogModuleManager: Shutting down and abandoning module PaperTiledImporter (97)
[2016.02.20-07.40.55:819][731]LogModuleManager: Shutting down and abandoning module PaperSpriteSheetImporter (96)
[2016.02.20-07.40.55:819][731]LogModuleManager: Shutting down and abandoning module MeshPaint (95)
[2016.02.20-07.40.55:819][731]LogModuleManager: Shutting down and abandoning module SlateReflector (94)
[2016.02.20-07.40.55:819][731]LogModuleManager: Shutting down and abandoning module HotReload (93)
[2016.02.20-07.40.55:819][731]LogModuleManager: Shutting down and abandoning module MainFrame (92)
[2016.02.20-07.40.55:819][731]LogModuleManager: Shutting down and abandoning module LevelEditor (91)
[2016.02.20-07.40.55:820][731]LogModuleManager: Shutting down and abandoning module DirectoryWatcher (90)
[2016.02.20-07.40.55:821][731]LogModuleManager: Shutting down and abandoning module AssetRegistry (89)
[2016.02.20-07.40.55:890][731]LogModuleManager: Shutting down and abandoning module ContentBrowser (88)
[2016.02.20-07.40.55:891][731]LogModuleManager: Shutting down and abandoning module Paper2DEditor (87)
[2016.02.20-07.40.55:891][731]LogModuleManager: Shutting down and abandoning module UdpMessaging (86)
[2016.02.20-07.40.55:992][731]LogModuleManager: Shutting down and abandoning module LightPropagationVolumeRuntime (85)
[2016.02.20-07.40.55:992][731]LogModuleManager: Shutting down and abandoning module Paper2D (84)
[2016.02.20-07.40.55:992][731]LogModuleManager: Shutting down and abandoning module WindowsMoviePlayer (83)
[2016.02.20-07.40.55:994][731]LogModuleManager: Shutting down and abandoning module Media (82)
[2016.02.20-07.40.55:994][731]LogModuleManager: Shutting down and abandoning module WmfMedia (81)
[2016.02.20-07.40.55:994][731]LogModuleManager: Shutting down and abandoning module OnlineBlueprintSupport (80)
[2016.02.20-07.40.55:994][731]LogModuleManager: Shutting down and abandoning module GameplayTasksEditor (79)
[2016.02.20-07.40.55:994][731]LogModuleManager: Shutting down and abandoning module PropertyEditor (78)
[2016.02.20-07.40.55:994][731]LogModuleManager: Shutting down and abandoning module BehaviorTreeEditor (77)
[2016.02.20-07.40.55:994][731]LogModuleManager: Shutting down and abandoning module FunctionalTesting (76)
[2016.02.20-07.40.55:994][731]LogModuleManager: Shutting down and abandoning module CollisionAnalyzer (75)
[2016.02.20-07.40.55:994][731]LogModuleManager: Shutting down and abandoning module WorkspaceMenuStructure (74)
[2016.02.20-07.40.55:994][731]LogModuleManager: Shutting down and abandoning module MessageLog (73)
[2016.02.20-07.40.55:994][731]LogModuleManager: Shutting down and abandoning module Sequencer (72)
[2016.02.20-07.40.55:994][731]LogModuleManager: Shutting down and abandoning module AssetTools (71)
[2016.02.20-07.40.55:994][731]LogModuleManager: Shutting down and abandoning module UMGEditor (70)
[2016.02.20-07.40.55:994][731]LogModuleManager: Shutting down and abandoning module UMG (69)
[2016.02.20-07.40.55:994][731]LogModuleManager: Shutting down and abandoning module Slate (68)
[2016.02.20-07.40.55:994][731]LogModuleManager: Shutting down and abandoning module EditorStyle (67)
[2016.02.20-07.40.55:995][731]LogModuleManager: Shutting down and abandoning module SessionServices (66)
[2016.02.20-07.40.55:995][731]LogModuleManager: Shutting down and abandoning module SourceCodeAccess (65)
[2016.02.20-07.40.55:995][731]LogModuleManager: Shutting down and abandoning module HeadMountedDisplay (64)
[2016.02.20-07.40.55:996][731]LogModuleManager: Shutting down and abandoning module XAudio2 (63)
[2016.02.20-07.40.55:996][731]LogModuleManager: Shutting down and abandoning module Networking (61)
[2016.02.20-07.40.55:996][731]LogModuleManager: Shutting down and abandoning module Core (60)
[2016.02.20-07.40.55:996][731]LogModuleManager: Shutting down and abandoning module KismetCompiler (59)
[2016.02.20-07.40.55:996][731]LogModuleManager: Shutting down and abandoning module PhysXFormats (58)
[2016.02.20-07.40.55:996][731]LogModuleManager: Shutting down and abandoning module MeshUtilities (57)
[2016.02.20-07.40.55:996][731]LogModuleManager: Shutting down and abandoning module DerivedDataCache (56)
[2016.02.20-07.40.56:027][731]LogDerivedDataCache: Shutdown
[2016.02.20-07.40.56:027][731]LogModuleManager: Shutting down and abandoning module ShaderFormatOpenGL (55)
[2016.02.20-07.40.56:027][731]LogModuleManager: Shutting down and abandoning module ShaderFormatD3D (54)
[2016.02.20-07.40.56:027][731]LogModuleManager: Shutting down and abandoning module MetalShaderFormat (53)
[2016.02.20-07.40.56:027][731]LogModuleManager: Shutting down and abandoning module TextureFormatUncompressed (52)
[2016.02.20-07.40.56:027][731]LogModuleManager: Shutting down and abandoning module TextureFormatPVR (51)
[2016.02.20-07.40.56:027][731]LogModuleManager: Shutting down and abandoning module TextureFormatIntelISPCTexComp (50)
[2016.02.20-07.40.56:027][731]LogModuleManager: Shutting down and abandoning module TextureFormatDXT (49)
[2016.02.20-07.40.56:027][731]LogModuleManager: Shutting down and abandoning module ImageWrapper (48)
[2016.02.20-07.40.56:027][731]LogModuleManager: Shutting down and abandoning module TextureFormatASTC (47)
[2016.02.20-07.40.56:027][731]LogModuleManager: Shutting down and abandoning module TextureFormatAndroid (46)
[2016.02.20-07.40.56:027][731]LogModuleManager: Shutting down and abandoning module AudioFormatOpus (45)
[2016.02.20-07.40.56:027][731]LogModuleManager: Shutting down and abandoning module AudioFormatOgg (44)
[2016.02.20-07.40.56:027][731]LogModuleManager: Shutting down and abandoning module AudioFormatADPCM (43)
[2016.02.20-07.40.56:027][731]LogModuleManager: Shutting down and abandoning module LinuxTargetPlatform (42)
[2016.02.20-07.40.56:027][731]LogModuleManager: Shutting down and abandoning module LinuxServerTargetPlatform (41)
[2016.02.20-07.40.56:027][731]LogModuleManager: Shutting down and abandoning module LinuxNoEditorTargetPlatform (40)
[2016.02.20-07.40.56:027][731]LogModuleManager: Shutting down and abandoning module Messaging (39)
[2016.02.20-07.40.56:027][731]LogModuleManager: Shutting down and abandoning module IOSTargetPlatform (38)
[2016.02.20-07.40.56:027][731]LogModuleManager: Shutting down and abandoning module HTML5TargetPlatform (37)
[2016.02.20-07.40.56:027][731]LogModuleManager: Shutting down and abandoning module Android_PVRTCTargetPlatform (36)
[2016.02.20-07.40.56:027][731]LogModuleManager: Shutting down and abandoning module Android_MultiTargetPlatform (35)
[2016.02.20-07.40.56:027][731]LogModuleManager: Shutting down and abandoning module Android_ETC2TargetPlatform (34)
[2016.02.20-07.40.56:027][731]LogModuleManager: Shutting down and abandoning module Android_ETC1TargetPlatform (33)
[2016.02.20-07.40.56:027][731]LogModuleManager: Shutting down and abandoning module Android_DXTTargetPlatform (32)
[2016.02.20-07.40.56:028][731]LogModuleManager: Shutting down and abandoning module Android_ATCTargetPlatform (31)
[2016.02.20-07.40.56:028][731]LogModuleManager: Shutting down and abandoning module Android_ASTCTargetPlatform (30)
[2016.02.20-07.40.56:028][731]LogModuleManager: Shutting down and abandoning module AndroidTargetPlatform (29)
[2016.02.20-07.40.56:028][731]LogModuleManager: Shutting down and abandoning module WindowsTargetPlatform (28)
[2016.02.20-07.40.56:028][731]LogModuleManager: Shutting down and abandoning module WindowsServerTargetPlatform (27)
[2016.02.20-07.40.56:028][731]LogModuleManager: Shutting down and abandoning module WindowsNoEditorTargetPlatform (26)
[2016.02.20-07.40.56:028][731]LogModuleManager: Shutting down and abandoning module WindowsClientTargetPlatform (25)
[2016.02.20-07.40.56:028][731]LogModuleManager: Shutting down and abandoning module AllDesktopTargetPlatform (24)
[2016.02.20-07.40.56:028][731]LogModuleManager: Shutting down and abandoning module TargetPlatform (23)
[2016.02.20-07.40.56:028][731]LogModuleManager: Shutting down and abandoning module InputCore (22)
[2016.02.20-07.40.56:028][731]LogModuleManager: Shutting down and abandoning module Settings (21)
[2016.02.20-07.40.56:028][731]LogModuleManager: Shutting down and abandoning module OnlineSubsystem (19)
[2016.02.20-07.40.56:028][731]LogModuleManager: Shutting down and abandoning module HTTP (18)
[2016.02.20-07.40.58:032][731]LogModuleManager: Shutting down and abandoning module XMPP (17)
[2016.02.20-07.40.58:032][731]LogModuleManager: Shutting down and abandoning module OculusRift (16)
[2016.02.20-07.40.58:032][731]LogModuleManager: Shutting down and abandoning module ExampleDeviceProfileSelector (15)
[2016.02.20-07.40.58:032][731]LogModuleManager: Shutting down and abandoning module TextureCompressor (14)
[2016.02.20-07.40.58:032][731]LogModuleManager: Shutting down and abandoning module ShaderCore (13)
[2016.02.20-07.40.58:032][731]LogModuleManager: Shutting down and abandoning module Landscape (12)
[2016.02.20-07.40.58:032][731]LogModuleManager: Shutting down and abandoning module SlateRHIRenderer (11)
[2016.02.20-07.40.58:033][731]LogModuleManager: Shutting down and abandoning module OpenGLDrv (10)
[2016.02.20-07.40.58:033][731]LogModuleManager: Shutting down and abandoning module D3D11RHI (9)
[2016.02.20-07.40.58:033][731]LogModuleManager: Shutting down and abandoning module AnimGraphRuntime (8)
[2016.02.20-07.40.58:034][731]LogModuleManager: Shutting down and abandoning module Renderer (7)
[2016.02.20-07.40.58:034][731]LogModuleManager: Shutting down and abandoning module Engine (6)
[2016.02.20-07.40.58:034][731]LogModuleManager: Shutting down and abandoning module CoreUObject (5)
[2016.02.20-07.40.58:034][731]LogModuleManager: Shutting down and abandoning module NetworkFile (4)
[2016.02.20-07.40.58:034][731]LogModuleManager: Shutting down and abandoning module StreamingFile (3)
[2016.02.20-07.40.58:034][731]LogModuleManager: Shutting down and abandoning module SandboxFile (2)
[2016.02.20-07.40.58:034][731]LogModuleManager: Shutting down and abandoning module PakFile (1)
[2016.02.20-07.40.58:035][731]LogExit: Exiting.
[2016.02.20-07.40.58:062][731]Log file closed, 02/19/16 23:40:58
